x-docker-build.sh
---------------------
#!/bin/sh

sh ./reset.sh > /dev/null

docker build --rm --file=./base.dockerfile \
  -t tilt.dev/demo-base \
  ./package

sh ./info.sh
---------------------
arm64

#1 [internal] load build definition from base.dockerfile
#1 sha256:6305ea69161064a2d71c938cd29757d1af0cdd1d37aef72d7f3b048a930d25a8
#1 transferring dockerfile: 138B done
#1 DONE 0.0s

#2 [internal] load .dockerignore
#2 sha256:5e6445a07bf7177eca052c35eb0f82e3be8a679b04b36759a7941e829957b9b8
#2 transferring context: 2B done
#2 DONE 0.0s

#3 [internal] load metadata for docker.io/library/alpine:3.14.2
#3 sha256:89b7ab87d5ed48a30b3dd1d19aa7ef06b6b2550c288df50dace3423eb96e5b6a
#3 ...

#4 [auth] library/alpine:pull token for registry-1.docker.io
#4 sha256:199362ecf4ae7444ced9f6574d29afd120112966d95ef6e77da064cbbfc13601
#4 DONE 0.0s

#3 [internal] load metadata for docker.io/library/alpine:3.14.2
#3 sha256:89b7ab87d5ed48a30b3dd1d19aa7ef06b6b2550c288df50dace3423eb96e5b6a
#3 DONE 1.6s

#7 [internal] load build context
#7 sha256:d8e6129d0725829b6ea9d5e215e193bed72c16ca419bdb37653dfb5e3de306b2
#7 transferring context: 51B done
#7 DONE 0.0s

#5 [1/3] FROM docker.io/library/alpine:3.14.2@sha256:e1c082e3d3c45cccac829840a25941e679c25d438cc8412c2fa221cf1a824e6a
#5 sha256:b5364ccc7bf62d6fd2cded71ad5673f09fee2daf5f606ffed9a69d200bf592c2
#5 resolve docker.io/library/alpine:3.14.2@sha256:e1c082e3d3c45cccac829840a25941e679c25d438cc8412c2fa221cf1a824e6a done
#5 sha256:b06a5cf61b2956088722c4f1b9a6f71dfe95f0b1fe285d44195452b8a1627de7 528B / 528B done
#5 sha256:bb3de5531c18f185667b0be0e400ab24aa40f4440093de82baf4072e14af3b84 1.49kB / 1.49kB done
#5 sha256:552d1f2373af9bfe12033568ebbfb0ccbb0de11279f9a415a29207e264d7f4d9 0B / 2.71MB 0.1s
#5 sha256:e1c082e3d3c45cccac829840a25941e679c25d438cc8412c2fa221cf1a824e6a 1.64kB / 1.64kB done
#5 sha256:552d1f2373af9bfe12033568ebbfb0ccbb0de11279f9a415a29207e264d7f4d9 1.05MB / 2.71MB 0.3s
#5 extracting sha256:552d1f2373af9bfe12033568ebbfb0ccbb0de11279f9a415a29207e264d7f4d9
#5 sha256:552d1f2373af9bfe12033568ebbfb0ccbb0de11279f9a415a29207e264d7f4d9 2.71MB / 2.71MB 0.4s done
#5 extracting sha256:552d1f2373af9bfe12033568ebbfb0ccbb0de11279f9a415a29207e264d7f4d9 0.2s done
#5 DONE 0.5s

#6 [2/3] WORKDIR /app
#6 sha256:508ffbbf31d0b12f18577e1b5e195dbe6221a71f22e56d62cd56a82f327b18c8
#6 DONE 0.0s

#8 [3/3] ADD message.txt message.txt
#8 sha256:a8d3f6a5be8dc041edbb26def30d7a45a56af896bfdc3725e4a656129c7a5cf5
#8 DONE 0.0s

#9 exporting to image
#9 sha256:e8c613e07b0b7ff33893b694f7759a10d42e180f2b4dc349fb57dc6b71dcab00
#9 exporting layers 0.0s done
#9 writing image sha256:025fb202b1a26aa33c0bd36fb0472d826e91da16e36f5d10d8efcbcabcb73cf9 done
#9 naming to tilt.dev/demo-base done
#9 DONE 0.0s

Use 'docker scan' to run Snyk tests against images to find vulnerabilities and learn how to fix them
-- tilt.dev/demo-base Architecture
"arm64"

-- tilt.dev/demo-base full inspect
[
  {
    "Id": "sha256:025fb202b1a26aa33c0bd36fb0472d826e91da16e36f5d10d8efcbcabcb73cf9",
    "RepoTags": [
      "tilt.dev/demo-base:latest"
    ],
    "RepoDigests": [],
    "Parent": "",
    "Comment": "buildkit.dockerfile.v0",
    "Created": "2021-09-05T16:25:52.741320387Z",
    "Container": "",
    "ContainerConfig": {
      "Hostname": "",
      "Domainname": "",
      "User": "",
      "AttachStdin": false,
      "AttachStdout": false,
      "AttachStderr": false,
      "Tty": false,
      "OpenStdin": false,
      "StdinOnce": false,
      "Env": null,
      "Cmd": null,
      "Image": "",
      "Volumes": null,
      "WorkingDir": "",
      "Entrypoint": null,
      "OnBuild": null,
      "Labels": null
    },
    "DockerVersion": "",
    "Author": "",
    "Config": {
      "Hostname": "",
      "Domainname": "",
      "User": "",
      "AttachStdin": false,
      "AttachStdout": false,
      "AttachStderr": false,
      "Tty": false,
      "OpenStdin": false,
      "StdinOnce": false,
      "Env": [
        "PATH=/usr/local/sbin:/usr/local/bin:/usr/sbin:/usr/bin:/sbin:/bin"
      ],
      "Cmd": null,
      "Image": "",
      "Volumes": null,
      "WorkingDir": "/app",
      "Entrypoint": [
        "/bin/sh",
        "-c",
        "cat message.txt"
      ],
      "OnBuild": null,
      "Labels": null
    },
    "Architecture": "arm64",
    "Variant": "v8",
    "Os": "linux",
    "Size": 5336645,
    "VirtualSize": 5336645,
    "GraphDriver": {
      "Data": {
        "LowerDir": "/var/lib/docker/overlay2/woqu13oqfgom3zfwowk9qwgfl/diff:/var/lib/docker/overlay2/a9c5d614837606a6da9382574a2c554950d2f85049bf25bf38013f4762da4aa4/diff",
        "MergedDir": "/var/lib/docker/overlay2/zc99t872j67dwgjobsdef7wf1/merged",
        "UpperDir": "/var/lib/docker/overlay2/zc99t872j67dwgjobsdef7wf1/diff",
        "WorkDir": "/var/lib/docker/overlay2/zc99t872j67dwgjobsdef7wf1/work"
      },
      "Name": "overlay2"
    },
    "RootFS": {
      "Type": "layers",
      "Layers": [
        "sha256:ee420dfed78aeb92dbd78bf0e97e3a3cad5ccfbb59fa5dac4e04639210cc7905",
        "sha256:20f3f3f009d2a50297e658879f965d4b61e7a423bab8bacf701e560c5e176d50",
        "sha256:2b5e83a4b19be33f83cb98310710f97cd08803b1763082319d31dff964222835"
      ]
    },
    "Metadata": {
      "LastTagTime": "2021-09-05T16:25:52.761016845Z"
    }
  }
]
